<?xml version="1.0" encoding="UTF-8"?>
<!-- Generated by org.testng.reporters.JUnitReportReporter -->
<testsuite hostname="LAPTOP-NV5LHH0B" failures="0" tests="6" name="testng.Class4" time="0.023" errors="0" timestamp="20 Nov 2024 16:34:02 GMT" skipped="0">
  <testcase classname="testng.Class4" name="method43" time="0.001"/>
  <testcase classname="testng.Class4" name="method41" time="0.000"/>
  <testcase classname="testng.Class4" name="method42" time="0.011"/>
  <testcase classname="testng.Class4" name="method42" time="0.001"/>
  <testcase classname="testng.Class4" name="method43" time="0.003"/>
  <testcase classname="testng.Class4" name="method41" time="0.007"/>
</testsuite> <!-- testng.Class4 -->
