<?xml version="1.0" encoding="UTF-8"?>
<!-- Generated by org.testng.reporters.JUnitReportReporter -->
<testsuite hostname="LAPTOP-NV5LHH0B" failures="0" tests="6" name="testng.Class2" time="0.028" errors="0" timestamp="2024-12-03T18:56:43 IST" skipped="0">
  <testcase classname="testng.Class2" name="method22" time="0.012"/>
  <system-out/>
  <testcase classname="testng.Class2" name="method22" time="0.001"/>
  <system-out/>
  <testcase classname="testng.Class2" name="method23" time="0.001"/>
  <system-out/>
  <testcase classname="testng.Class2" name="method23" time="0.002"/>
  <system-out/>
  <testcase classname="testng.Class2" name="method21" time="0.002"/>
  <system-out/>
  <testcase classname="testng.Class2" name="method21" time="0.010"/>
  <system-out/>
</testsuite> <!-- testng.Class2 -->
