<?xml version="1.0" encoding="UTF-8"?>
<!-- Generated by org.testng.reporters.JUnitReportReporter -->
<testsuite hostname="LAPTOP-NV5LHH0B" failures="0" tests="6" name="testng.Class4" time="0.018" errors="0" timestamp="2024-12-03T18:56:43 IST" skipped="0">
  <testcase classname="testng.Class4" name="method43" time="0.001"/>
  <system-out/>
  <testcase classname="testng.Class4" name="method41" time="0.001"/>
  <system-out/>
  <testcase classname="testng.Class4" name="method42" time="0.001"/>
  <system-out/>
  <testcase classname="testng.Class4" name="method43" time="0.000"/>
  <system-out/>
  <testcase classname="testng.Class4" name="method42" time="0.001"/>
  <system-out/>
  <testcase classname="testng.Class4" name="method41" time="0.014"/>
  <system-out/>
</testsuite> <!-- testng.Class4 -->
