<?xml version="1.0" encoding="UTF-8"?>
<!-- Generated by org.testng.reporters.JUnitReportReporter -->
<testsuite hostname="LAPTOP-NV5LHH0B" failures="0" tests="8" name="testng.Class1" time="0.050" errors="0" timestamp="2024-12-03T18:56:43 IST" skipped="0">
  <testcase classname="testng.Class1" name="method12" time="0.002"/>
  <system-out/>
  <testcase classname="testng.Class1" name="method12" time="0.012"/>
  <system-out/>
  <testcase classname="testng.Class1" name="method12" time="0.003"/>
  <system-out/>
  <testcase classname="testng.Class1" name="method11" time="0.004"/>
  <system-out/>
  <testcase classname="testng.Class1" name="method12" time="0.010"/>
  <system-out/>
  <testcase classname="testng.Class1" name="method11" time="0.004"/>
  <system-out/>
  <testcase classname="testng.Class1" name="method12" time="0.011"/>
  <system-out/>
  <testcase classname="testng.Class1" name="method12" time="0.004"/>
  <system-out/>
</testsuite> <!-- testng.Class1 -->
