<?xml version="1.0" encoding="UTF-8"?>
<!-- Generated by org.testng.reporters.JUnitReportReporter -->
<testsuite hostname="LAPTOP-NV5LHH0B" failures="0" tests="1" name="introduction.Testngtutorial" time="0.008" errors="0" timestamp="19 Nov 2024 15:44:03 GMT" skipped="0">
  <testcase classname="introduction.Testngtutorial" name="p" time="0.008"/>
</testsuite> <!-- introduction.Testngtutorial -->
