<?xml version="1.0" encoding="UTF-8"?>
<!-- Generated by org.testng.reporters.JUnitReportReporter -->
<testsuite hostname="LAPTOP-NV5LHH0B" failures="0" tests="6" name="testng.Class2" time="0.032" errors="0" timestamp="20 Nov 2024 16:34:02 GMT" skipped="0">
  <testcase classname="testng.Class2" name="method23" time="0.006"/>
  <testcase classname="testng.Class2" name="method22" time="0.007"/>
  <testcase classname="testng.Class2" name="method22" time="0.004"/>
  <testcase classname="testng.Class2" name="method23" time="0.002"/>
  <testcase classname="testng.Class2" name="method21" time="0.001"/>
  <testcase classname="testng.Class2" name="method21" time="0.012"/>
</testsuite> <!-- testng.Class2 -->
