<?xml version="1.0" encoding="UTF-8"?>
<!-- Generated by org.testng.reporters.JUnitReportReporter -->
<testsuite hostname="LAPTOP-NV5LHH0B" failures="0" tests="6" name="testng.Class3" time="0.029" errors="0" timestamp="2024-12-03T18:56:43 IST" skipped="0">
  <testcase classname="testng.Class3" name="method32" time="0.001"/>
  <system-out/>
  <testcase classname="testng.Class3" name="method32" time="0.012"/>
  <system-out/>
  <testcase classname="testng.Class3" name="method31" time="0.001"/>
  <system-out/>
  <testcase classname="testng.Class3" name="method33" time="0.001"/>
  <system-out/>
  <testcase classname="testng.Class3" name="method31" time="0.013"/>
  <system-out/>
  <testcase classname="testng.Class3" name="method33" time="0.001"/>
  <system-out/>
</testsuite> <!-- testng.Class3 -->
