<?xml version="1.0" encoding="UTF-8"?>
<!-- Generated by org.testng.reporters.JUnitReportReporter -->
<testsuite hostname="LAPTOP-NV5LHH0B" failures="0" tests="6" name="testng.Class5" time="0.031" errors="0" timestamp="20 Nov 2024 16:34:02 GMT" skipped="0">
  <testcase classname="testng.Class5" name="method52" time="0.008"/>
  <testcase classname="testng.Class5" name="method52" time="0.000"/>
  <testcase classname="testng.Class5" name="method53" time="0.000"/>
  <testcase classname="testng.Class5" name="method51" time="0.001"/>
  <testcase classname="testng.Class5" name="method53" time="0.007"/>
  <testcase classname="testng.Class5" name="method51" time="0.015"/>
</testsuite> <!-- testng.Class5 -->
