<?xml version="1.0" encoding="UTF-8"?>
<!-- Generated by org.testng.reporters.JUnitReportReporter -->
<testsuite hostname="LAPTOP-NV5LHH0B" failures="0" tests="6" name="testng.Class5" time="0.033" errors="0" timestamp="2024-12-03T18:56:43 IST" skipped="0">
  <testcase classname="testng.Class5" name="method53" time="0.003"/>
  <system-out/>
  <testcase classname="testng.Class5" name="method51" time="0.015"/>
  <system-out/>
  <testcase classname="testng.Class5" name="method52" time="0.002"/>
  <system-out/>
  <testcase classname="testng.Class5" name="method52" time="0.011"/>
  <system-out/>
  <testcase classname="testng.Class5" name="method53" time="0.001"/>
  <system-out/>
  <testcase classname="testng.Class5" name="method51" time="0.001"/>
  <system-out/>
</testsuite> <!-- testng.Class5 -->
