<?xml version="1.0" encoding="UTF-8"?>
<!-- Generated by org.testng.reporters.JUnitReportReporter -->
<testsuite hostname="LAPTOP-NV5LHH0B" failures="0" tests="1" name="standlone.Standalone" time="10.279" errors="0" timestamp="26 Nov 2024 11:36:28 GMT" skipped="0">
  <testcase classname="standlone.Standalone" name="placeorder" time="10.279"/>
</testsuite> <!-- standlone.Standalone -->
