<?xml version="1.0" encoding="UTF-8"?>
<!-- Generated by org.testng.reporters.JUnitReportReporter -->
<testsuite hostname="LAPTOP-NV5LHH0B" failures="0" tests="1" name="standlone.ExtentReprt" time="3.727" errors="0" timestamp="26 Nov 2024 05:43:39 GMT" skipped="0">
  <testcase classname="standlone.ExtentReprt" name="login" time="3.727"/>
</testsuite> <!-- standlone.ExtentReprt -->
