<?xml version="1.0" encoding="UTF-8"?>
<!-- Generated by org.testng.reporters.JUnitReportReporter -->
<testsuite hostname="LAPTOP-NV5LHH0B" failures="0" tests="6" name="testng.Class3" time="0.032" errors="0" timestamp="20 Nov 2024 16:34:02 GMT" skipped="0">
  <testcase classname="testng.Class3" name="method33" time="0.007"/>
  <testcase classname="testng.Class3" name="method32" time="0.001"/>
  <testcase classname="testng.Class3" name="method31" time="0.013"/>
  <testcase classname="testng.Class3" name="method33" time="0.002"/>
  <testcase classname="testng.Class3" name="method32" time="0.008"/>
  <testcase classname="testng.Class3" name="method31" time="0.001"/>
</testsuite> <!-- testng.Class3 -->
