<?xml version="1.0" encoding="UTF-8"?>
<!-- Generated by org.testng.reporters.JUnitReportReporter -->
<testsuite hostname="LAPTOP-NV5LHH0B" failures="0" tests="6" name="testng.Class3" time="0.010" errors="0" timestamp="27 Nov 2024 13:53:07 GMT" skipped="0">
  <testcase classname="testng.Class3" name="method32" time="0.003"/>
  <testcase classname="testng.Class3" name="method31" time="0.000"/>
  <testcase classname="testng.Class3" name="method32" time="0.000"/>
  <testcase classname="testng.Class3" name="method31" time="0.006"/>
  <testcase classname="testng.Class3" name="method33" time="0.000"/>
  <testcase classname="testng.Class3" name="method33" time="0.001"/>
</testsuite> <!-- testng.Class3 -->
