<?xml version="1.0" encoding="UTF-8"?>
<!-- Generated by org.testng.reporters.JUnitReportReporter -->
<testsuite hostname="LAPTOP-NV5LHH0B" failures="0" tests="8" name="testng.Class1" time="0.025" errors="0" timestamp="27 Nov 2024 13:53:07 GMT" skipped="0">
  <testcase classname="testng.Class1" name="method12" time="0.008"/>
  <testcase classname="testng.Class1" name="method12" time="0.001"/>
  <testcase classname="testng.Class1" name="method12" time="0.002"/>
  <testcase classname="testng.Class1" name="method12" time="0.001"/>
  <testcase classname="testng.Class1" name="method12" time="0.008"/>
  <testcase classname="testng.Class1" name="method11" time="0.004"/>
  <testcase classname="testng.Class1" name="method11" time="0.001"/>
  <testcase classname="testng.Class1" name="method12" time="0.000"/>
</testsuite> <!-- testng.Class1 -->
