<?xml version="1.0" encoding="UTF-8"?>
<!-- Generated by org.testng.reporters.JUnitReportReporter -->
<testsuite hostname="LAPTOP-NV5LHH0B" failures="0" tests="6" name="testng.Class5" time="0.007" errors="0" timestamp="27 Nov 2024 13:53:07 GMT" skipped="0">
  <testcase classname="testng.Class5" name="method52" time="0.001"/>
  <testcase classname="testng.Class5" name="method53" time="0.000"/>
  <testcase classname="testng.Class5" name="method51" time="0.000"/>
  <testcase classname="testng.Class5" name="method51" time="0.006"/>
  <testcase classname="testng.Class5" name="method52" time="0.000"/>
  <testcase classname="testng.Class5" name="method53" time="0.000"/>
</testsuite> <!-- testng.Class5 -->
