<?xml version="1.0" encoding="UTF-8"?>
<!-- Generated by org.testng.reporters.JUnitReportReporter -->
<testsuite hostname="LAPTOP-NV5LHH0B" failures="0" tests="6" name="testng.Class4" time="0.009" errors="0" timestamp="27 Nov 2024 13:53:07 GMT" skipped="0">
  <testcase classname="testng.Class4" name="method41" time="0.000"/>
  <testcase classname="testng.Class4" name="method42" time="0.000"/>
  <testcase classname="testng.Class4" name="method42" time="0.001"/>
  <testcase classname="testng.Class4" name="method43" time="0.001"/>
  <testcase classname="testng.Class4" name="method41" time="0.006"/>
  <testcase classname="testng.Class4" name="method43" time="0.001"/>
</testsuite> <!-- testng.Class4 -->
